  main.cpp
c:\users\noahm\source\repos\da-wae-engine\da wae render engine\renderer.h(200): warning C4267: '=': conversion from 'size_t' to 'uint32_t', possible loss of data
c:\users\noahm\source\repos\da-wae-engine\da wae render engine\renderer.h(212): warning C4018: '<': signed/unsigned mismatch
c:\users\noahm\source\repos\da-wae-engine\da wae render engine\renderer.h(217): warning C4267: '=': conversion from 'size_t' to 'uint32_t', possible loss of data
c:\users\noahm\source\repos\da-wae-engine\da wae render engine\renderer.h(264): warning C4018: '<': signed/unsigned mismatch
c:\users\noahm\source\repos\da-wae-engine\da wae render engine\renderer.h(290): warning C4018: '<': signed/unsigned mismatch
c:\users\noahm\source\repos\da-wae-engine\da wae render engine\renderer.h(313): warning C4018: '<': signed/unsigned mismatch
c:\users\noahm\source\repos\da-wae-engine\da wae render engine\renderer.h(340): warning C4267: '=': conversion from 'size_t' to 'uint32_t', possible loss of data
c:\users\noahm\source\repos\da-wae-engine\da wae render engine\renderer.h(344): warning C4267: '=': conversion from 'size_t' to 'uint32_t', possible loss of data
c:\users\noahm\source\repos\da-wae-engine\da wae render engine\renderer.h(355): warning C4018: '<': signed/unsigned mismatch
c:\users\noahm\source\repos\da-wae-engine\da wae render engine\renderer.h(373): warning C4018: '<': signed/unsigned mismatch
c:\users\noahm\source\repos\da-wae-engine\da wae render engine\renderer.h(403): warning C4018: '<': signed/unsigned mismatch
c:\users\noahm\source\repos\da-wae-engine\da wae render engine\renderer.h(413): warning C4018: '<': signed/unsigned mismatch
c:\users\noahm\source\repos\da-wae-engine\da wae render engine\renderer.h(485): warning C4838: conversion from 'int' to 'uint32_t' requires a narrowing conversion
c:\users\noahm\source\repos\da-wae-engine\da wae render engine\renderobject.h(329): warning C4244: 'argument': conversion from 'uint64_t' to 'uint32_t', possible loss of data
c:\users\noahm\source\repos\da-wae-engine\da wae render engine\main.cpp(18): warning C4930: 'Addons addons(void)': prototyped function not called (was a variable definition intended?)
c:\users\noahm\source\repos\da-wae-engine\da wae render engine\renderer.h(181): warning C4715: 'Renderer::initVulkan': not all control paths return a value
c:\users\noahm\source\repos\da-wae-engine\da wae render engine\renderer.h(490): warning C4715: 'chooseSwapExtent': not all control paths return a value
main.obj : error LNK2019: unresolved external symbol vkCreateInstance referenced in function "public: unsigned char __cdecl Renderer::createInstance(void)" (?createInstance@Renderer@@QEAAEXZ)
main.obj : error LNK2019: unresolved external symbol vkEnumeratePhysicalDevices referenced in function "public: unsigned char __cdecl Renderer::pickPhysicalDevice(void)" (?pickPhysicalDevice@Renderer@@QEAAEXZ)
main.obj : error LNK2019: unresolved external symbol vkGetPhysicalDeviceProperties referenced in function "public: unsigned char __cdecl Renderer::pickPhysicalDevice(void)" (?pickPhysicalDevice@Renderer@@QEAAEXZ)
main.obj : error LNK2019: unresolved external symbol vkGetPhysicalDeviceQueueFamilyProperties referenced in function "class std::vector<struct QueueFamily,class std::allocator<struct QueueFamily> > __cdecl findGPUIndices(struct VkPhysicalDevice_T *,struct VkSurfaceKHR_T *)" (?findGPUIndices@@YA?AV?$vector@UQueueFamily@@V?$allocator@UQueueFamily@@@std@@@std@@PEAUVkPhysicalDevice_T@@PEAUVkSurfaceKHR_T@@@Z)
main.obj : error LNK2019: unresolved external symbol vkGetInstanceProcAddr referenced in function "public: unsigned char __cdecl Renderer::setupDebugCallback(void)" (?setupDebugCallback@Renderer@@QEAAEXZ)
main.obj : error LNK2019: unresolved external symbol vkCreateDevice referenced in function "public: unsigned char __cdecl Renderer::createLogicalDevice(void)" (?createLogicalDevice@Renderer@@QEAAEXZ)
main.obj : error LNK2019: unresolved external symbol vkGetDeviceQueue referenced in function "public: unsigned char __cdecl Renderer::createLogicalDevice(void)" (?createLogicalDevice@Renderer@@QEAAEXZ)
main.obj : error LNK2019: unresolved external symbol vkQueueSubmit referenced in function "public: virtual unsigned char __cdecl Cube_R::draw(struct VkBuffer_T *,struct VkBuffer_T *,struct VkBuffer_T *,struct VkBuffer_T *,int,unsigned char *)" (?draw@Cube_R@@UEAAEPEAUVkBuffer_T@@000HPEAE@Z)
main.obj : error LNK2019: unresolved external symbol vkCreateSemaphore referenced in function "public: unsigned char __cdecl Renderer::createSemaphores(void)" (?createSemaphores@Renderer@@QEAAEXZ)
main.obj : error LNK2019: unresolved external symbol vkCreateImageView referenced in function "public: unsigned char __cdecl Renderer::createImageViews(void)" (?createImageViews@Renderer@@QEAAEXZ)
main.obj : error LNK2019: unresolved external symbol vkCreateShaderModule referenced in function "struct VkShaderModule_T * __cdecl loadShaderFromFile(class std::basic_string<char,struct std::char_traits<char>,class std::allocator<char> >,struct VkDevice_T *)" (?loadShaderFromFile@@YAPEAUVkShaderModule_T@@V?$basic_string@DU?$char_traits@D@std@@V?$allocator@D@2@@std@@PEAUVkDevice_T@@@Z)
main.obj : error LNK2019: unresolved external symbol vkDestroyShaderModule referenced in function "public: __cdecl Cube_R::Cube_R(struct glm::vec<3,float,0>,class Renderer *)" (??0Cube_R@@QEAA@U?$vec@$02M$0A@@glm@@PEAVRenderer@@@Z)
main.obj : error LNK2019: unresolved external symbol vkCreateGraphicsPipelines referenced in function "public: __cdecl Cube_R::Cube_R(struct glm::vec<3,float,0>,class Renderer *)" (??0Cube_R@@QEAA@U?$vec@$02M$0A@@glm@@PEAVRenderer@@@Z)
main.obj : error LNK2019: unresolved external symbol vkCreatePipelineLayout referenced in function "public: __cdecl Cube_R::Cube_R(struct glm::vec<3,float,0>,class Renderer *)" (??0Cube_R@@QEAA@U?$vec@$02M$0A@@glm@@PEAVRenderer@@@Z)
main.obj : error LNK2019: unresolved external symbol vkCreateDescriptorSetLayout referenced in function "public: __cdecl Cube_R::Cube_R(struct glm::vec<3,float,0>,class Renderer *)" (??0Cube_R@@QEAA@U?$vec@$02M$0A@@glm@@PEAVRenderer@@@Z)
main.obj : error LNK2019: unresolved external symbol vkCreateDescriptorPool referenced in function "public: unsigned char __cdecl Renderer::createDescriptorPool(void)" (?createDescriptorPool@Renderer@@QEAAEXZ)
main.obj : error LNK2019: unresolved external symbol vkAllocateDescriptorSets referenced in function "public: __cdecl Cube_R::Cube_R(struct glm::vec<3,float,0>,class Renderer *)" (??0Cube_R@@QEAA@U?$vec@$02M$0A@@glm@@PEAVRenderer@@@Z)
main.obj : error LNK2019: unresolved external symbol vkCreateFramebuffer referenced in function "public: unsigned char __cdecl Renderer::createFramebuffers(void)" (?createFramebuffers@Renderer@@QEAAEXZ)
main.obj : error LNK2019: unresolved external symbol vkCreateRenderPass referenced in function "public: unsigned char __cdecl Renderer::createRenderPass(void)" (?createRenderPass@Renderer@@QEAAEXZ)
main.obj : error LNK2019: unresolved external symbol vkCreateCommandPool referenced in function "public: unsigned char __cdecl Renderer::createCommandPool(void)" (?createCommandPool@Renderer@@QEAAEXZ)
main.obj : error LNK2019: unresolved external symbol vkAllocateCommandBuffers referenced in function "public: virtual unsigned char __cdecl Cube_R::draw(struct VkBuffer_T *,struct VkBuffer_T *,struct VkBuffer_T *,struct VkBuffer_T *,int,unsigned char *)" (?draw@Cube_R@@UEAAEPEAUVkBuffer_T@@000HPEAE@Z)
main.obj : error LNK2019: unresolved external symbol vkBeginCommandBuffer referenced in function "public: virtual unsigned char __cdecl Cube_R::draw(struct VkBuffer_T *,struct VkBuffer_T *,struct VkBuffer_T *,struct VkBuffer_T *,int,unsigned char *)" (?draw@Cube_R@@UEAAEPEAUVkBuffer_T@@000HPEAE@Z)
main.obj : error LNK2019: unresolved external symbol vkEndCommandBuffer referenced in function "public: virtual unsigned char __cdecl Cube_R::draw(struct VkBuffer_T *,struct VkBuffer_T *,struct VkBuffer_T *,struct VkBuffer_T *,int,unsigned char *)" (?draw@Cube_R@@UEAAEPEAUVkBuffer_T@@000HPEAE@Z)
main.obj : error LNK2019: unresolved external symbol vkCmdBindPipeline referenced in function "public: virtual unsigned char __cdecl Cube_R::draw(struct VkBuffer_T *,struct VkBuffer_T *,struct VkBuffer_T *,struct VkBuffer_T *,int,unsigned char *)" (?draw@Cube_R@@UEAAEPEAUVkBuffer_T@@000HPEAE@Z)
main.obj : error LNK2019: unresolved external symbol vkCmdBindDescriptorSets referenced in function "public: virtual unsigned char __cdecl Cube_R::draw(struct VkBuffer_T *,struct VkBuffer_T *,struct VkBuffer_T *,struct VkBuffer_T *,int,unsigned char *)" (?draw@Cube_R@@UEAAEPEAUVkBuffer_T@@000HPEAE@Z)
main.obj : error LNK2019: unresolved external symbol vkCmdBindIndexBuffer referenced in function "public: virtual unsigned char __cdecl Cube_R::draw(struct VkBuffer_T *,struct VkBuffer_T *,struct VkBuffer_T *,struct VkBuffer_T *,int,unsigned char *)" (?draw@Cube_R@@UEAAEPEAUVkBuffer_T@@000HPEAE@Z)
main.obj : error LNK2019: unresolved external symbol vkCmdBindVertexBuffers referenced in function "public: virtual unsigned char __cdecl Cube_R::draw(struct VkBuffer_T *,struct VkBuffer_T *,struct VkBuffer_T *,struct VkBuffer_T *,int,unsigned char *)" (?draw@Cube_R@@UEAAEPEAUVkBuffer_T@@000HPEAE@Z)
main.obj : error LNK2019: unresolved external symbol vkCmdDrawIndexed referenced in function "public: virtual unsigned char __cdecl Cube_R::draw(struct VkBuffer_T *,struct VkBuffer_T *,struct VkBuffer_T *,struct VkBuffer_T *,int,unsigned char *)" (?draw@Cube_R@@UEAAEPEAUVkBuffer_T@@000HPEAE@Z)
main.obj : error LNK2019: unresolved external symbol vkGetPhysicalDeviceSurfaceSupportKHR referenced in function "class std::vector<struct QueueFamily,class std::allocator<struct QueueFamily> > __cdecl findGPUIndices(struct VkPhysicalDevice_T *,struct VkSurfaceKHR_T *)" (?findGPUIndices@@YA?AV?$vector@UQueueFamily@@V?$allocator@UQueueFamily@@@std@@@std@@PEAUVkPhysicalDevice_T@@PEAUVkSurfaceKHR_T@@@Z)
main.obj : error LNK2019: unresolved external symbol vkGetPhysicalDeviceSurfaceCapabilitiesKHR referenced in function "struct SwapChainSupportDetails __cdecl querySwapChainSupport(struct VkPhysicalDevice_T *,struct VkSurfaceKHR_T *)" (?querySwapChainSupport@@YA?AUSwapChainSupportDetails@@PEAUVkPhysicalDevice_T@@PEAUVkSurfaceKHR_T@@@Z)
main.obj : error LNK2019: unresolved external symbol vkGetPhysicalDeviceSurfaceFormatsKHR referenced in function "struct SwapChainSupportDetails __cdecl querySwapChainSupport(struct VkPhysicalDevice_T *,struct VkSurfaceKHR_T *)" (?querySwapChainSupport@@YA?AUSwapChainSupportDetails@@PEAUVkPhysicalDevice_T@@PEAUVkSurfaceKHR_T@@@Z)
main.obj : error LNK2019: unresolved external symbol vkGetPhysicalDeviceSurfacePresentModesKHR referenced in function "struct SwapChainSupportDetails __cdecl querySwapChainSupport(struct VkPhysicalDevice_T *,struct VkSurfaceKHR_T *)" (?querySwapChainSupport@@YA?AUSwapChainSupportDetails@@PEAUVkPhysicalDevice_T@@PEAUVkSurfaceKHR_T@@@Z)
main.obj : error LNK2019: unresolved external symbol vkCreateSwapchainKHR referenced in function "public: unsigned char __cdecl Renderer::createSwapchain(void)" (?createSwapchain@Renderer@@QEAAEXZ)
main.obj : error LNK2019: unresolved external symbol vkGetSwapchainImagesKHR referenced in function "public: unsigned char __cdecl Renderer::createSwapchain(void)" (?createSwapchain@Renderer@@QEAAEXZ)
main.obj : error LNK2019: unresolved external symbol glfwInit referenced in function "public: unsigned char __cdecl Renderer::initGLFW(void)" (?initGLFW@Renderer@@QEAAEXZ)
main.obj : error LNK2019: unresolved external symbol glfwWindowHint referenced in function "public: unsigned char __cdecl Renderer::initWindow(void)" (?initWindow@Renderer@@QEAAEXZ)
main.obj : error LNK2019: unresolved external symbol glfwCreateWindow referenced in function "public: unsigned char __cdecl Renderer::initWindow(void)" (?initWindow@Renderer@@QEAAEXZ)
main.obj : error LNK2019: unresolved external symbol glfwDestroyWindow referenced in function "public: unsigned char __cdecl Renderer::initWindow(void)" (?initWindow@Renderer@@QEAAEXZ)
main.obj : error LNK2019: unresolved external symbol glfwWindowShouldClose referenced in function main
main.obj : error LNK2019: unresolved external symbol glfwGetWindowSize referenced in function "struct VkExtent2D __cdecl chooseSwapExtent(struct VkSurfaceCapabilitiesKHR const &,struct GLFWwindow *)" (?chooseSwapExtent@@YA?AUVkExtent2D@@AEBUVkSurfaceCapabilitiesKHR@@PEAUGLFWwindow@@@Z)
main.obj : error LNK2019: unresolved external symbol glfwPollEvents referenced in function main
main.obj : error LNK2019: unresolved external symbol glfwVulkanSupported referenced in function "public: unsigned char __cdecl Renderer::initWindow(void)" (?initWindow@Renderer@@QEAAEXZ)
main.obj : error LNK2019: unresolved external symbol glfwGetRequiredInstanceExtensions referenced in function "public: unsigned char __cdecl Renderer::createInstance(void)" (?createInstance@Renderer@@QEAAEXZ)
main.obj : error LNK2019: unresolved external symbol glfwCreateWindowSurface referenced in function "public: unsigned char __cdecl Renderer::createSurface(void)" (?createSurface@Renderer@@QEAAEXZ)
C:\Users\noahm\Source\Repos\Da-Wae-Engine\x64\Debug\Da Wae Render Engine.exe : fatal error LNK1120: 44 unresolved externals
